0 info it worked if it ends with ok
1 verbose cli [ 'node', '/usr/bin/npm', 'init' ]
2 info using npm@1.3.6
3 info using node@v0.10.36
4 silly package data undefined
5 info init written successfully
6 error Error: canceled
6 error     at Interface.<anonymous> (/usr/lib/node_modules/read/lib/read.js:66:13)
6 error     at Interface.emit (events.js:92:17)
6 error     at Interface._ttyWrite (readline.js:621:16)
6 error     at ReadStream.onkeypress (readline.js:100:10)
6 error     at ReadStream.emit (events.js:98:17)
6 error     at emitKey (readline.js:1096:12)
6 error     at ReadStream.onData (readline.js:841:14)
6 error     at ReadStream.emit (events.js:95:17)
6 error     at ReadStream.<anonymous> (_stream_readable.js:765:14)
6 error     at ReadStream.emit (events.js:92:17)
7 error If you need help, you may report this log at:
7 error     <http://github.com/isaacs/npm/issues>
7 error or email it to:
7 error     <npm-@googlegroups.com>
8 error System Linux 3.18.7-200.fc21.x86_64
9 error command "node" "/usr/bin/npm" "init"
10 error cwd /home/csvan/IdeaProjects/nodebook-ch2
11 error node -v v0.10.36
12 error npm -v 1.3.6
13 verbose exit [ 1, true ]
