0 info it worked if it ends with ok
1 verbose cli [ '/usr/local/lib/iojs-v2.3.2-linux-x64/bin/iojs',
1 verbose cli   '/usr/local/bin/npm',
1 verbose cli   'install' ]
2 info using npm@2.13.3
3 info using node@v2.3.2
4 verbose readDependencies loading dependencies from /home/csvan/IdeaProjects/package.json
5 error install Couldn't read dependencies
6 verbose stack Error: ENOENT: no such file or directory, open '/home/csvan/IdeaProjects/package.json'
6 verbose stack     at Error (native)
7 verbose cwd /home/csvan/IdeaProjects/nodejs-ionic-mongodb/chapter-14
8 error Linux 4.0.8-300.fc22.x86_64
9 error argv "/usr/local/lib/iojs-v2.3.2-linux-x64/bin/iojs" "/usr/local/bin/npm" "install"
10 error node v2.3.2
11 error npm  v2.13.3
12 error path /home/csvan/IdeaProjects/package.json
13 error code ENOPACKAGEJSON
14 error errno -2
15 error syscall open
16 error package.json ENOENT: no such file or directory, open '/home/csvan/IdeaProjects/package.json'
16 error package.json This is most likely not a problem with npm itself.
16 error package.json npm can't find a package.json file in your current directory.
17 verbose exit [ -2, true ]
